<?xml version="1.0" encoding="UTF-8"?>
<!-- Generated by org.testng.reporters.JUnitReportReporter -->
<testsuite skipped="0" hostname="LP1-AP-51807597" name="com.test.Tests.BaseTest" tests="1" failures="0" timestamp="13 Jun 2019 12:06:40 GMT" time="0.916" errors="0">
  <testcase name="starttest" time="0.916" classname="com.test.Tests.BaseTest"/>
</testsuite> <!-- com.test.Tests.BaseTest -->
